Arguments: 
  /home/ronaldo/.nvm/versions/node/v12.16.2/bin/node /usr/share/yarn/bin/yarn.js add -D slint-plugin-import @typescript-eslint/parser eslint-import-resolver-typescript

PATH: 
  /home/ronaldo/.yarn/bin:/home/ronaldo/.yarn/bin:/home/ronaldo/.nvm/versions/node/v12.16.2/bin:/home/ronaldo/.zinit/polaris/bin:/usr/local/sbin:/usr/local/bin:/usr/sbin:/usr/bin:/sbin:/bin:/usr/games:/usr/local/games:/snap/bin:/home/ronaldo/Android/Sdk/emulator:/home/ronaldo/Android/Sdk/tools:/home/ronaldo/Android/Sdk/tools/bin:/home/ronaldo/Android/Sdk/platform-tools:/home/ronaldo/android-studio/bin:/home/ronaldo/Android/Sdk/emulator:/home/ronaldo/Android/Sdk/tools:/home/ronaldo/Android/Sdk/tools/bin:/home/ronaldo/Android/Sdk/platform-tools:/home/ronaldo/android-studio/bin

Yarn version: 
  1.22.5

Node version: 
  12.16.2

Platform: 
  linux x64

Trace: 
  Error: https://registry.yarnpkg.com/slint-plugin-import: Not found
      at Request.params.callback [as _callback] (/usr/share/yarn/lib/cli.js:66988:18)
      at Request.self.callback (/usr/share/yarn/lib/cli.js:140749:22)
      at Request.emit (events.js:310:20)
      at Request.<anonymous> (/usr/share/yarn/lib/cli.js:141721:10)
      at Request.emit (events.js:310:20)
      at IncomingMessage.<anonymous> (/usr/share/yarn/lib/cli.js:141643:12)
      at Object.onceWrapper (events.js:416:28)
      at IncomingMessage.emit (events.js:322:22)
      at endReadableNT (_stream_readable.js:1187:12)
      at processTicksAndRejections (internal/process/task_queues.js:84:21)

npm manifest: 
  {
    "name": "traveler",
    "version": "1.0.0",
    "main": "index.js",
    "repository": "git@github.com:RonaldoAntonucci/traveller.git",
    "author": "Ronaldo Antonucci <ronaldo.antonuccivrb32@yahoo.com.br>",
    "license": "MIT",
    "scripts": {
      "build:front-admin": "yarn --cwd front-admin build"
    },
    "devDependencies": {}
  }

yarn manifest: 
  No manifest

Lockfile: 
  # THIS IS AN AUTOGENERATED FILE. DO NOT EDIT THIS FILE DIRECTLY.
  # yarn lockfile v1
